# JRE version: OpenJDK Runtime Environment (8.0_362-b08) (build 1.8.0_362-b08)
# Java VM: OpenJDK 64-Bit Server VM (25.362-b08 mixed mode windows-amd64 compressed oops)
Heap:
 PSYoungGen      total 152576K, used 75494K [0x0000000716200000, 0x0000000728c00000, 0x00000007c0000000)
  eden space 131072K, 57% used [0x0000000716200000,0x000000071abb9b18,0x000000071e200000)
  from space 21504K, 0% used [0x000000071f700000,0x000000071f700000,0x0000000720c00000)
  to   space 21504K, 0% used [0x000000071e200000,0x000000071e200000,0x000000071f700000)
 ParOldGen       total 173056K, used 5633K [0x00000005c2600000, 0x00000005ccf00000, 0x0000000716200000)
  object space 173056K, 3% used [0x00000005c2600000,0x00000005c2b80430,0x00000005ccf00000)
 Metaspace       used 27192K, capacity 27958K, committed 28080K, reserved 1073152K
  class space    used 3468K, capacity 3663K, committed 3760K, reserved 1048576K
GC Heap History (6 events):
Event: 0.911 GC heap before
{Heap before GC invocations=1 (full 0):
 PSYoungGen      total 152576K, used 131072K [0x0000000716200000, 0x0000000720c00000, 0x00000007c0000000)
  eden space 131072K, 100% used [0x0000000716200000,0x000000071e200000,0x000000071e200000)
  from space 21504K, 0% used [0x000000071f700000,0x000000071f700000,0x0000000720c00000)
  to   space 21504K, 0% used [0x000000071e200000,0x000000071e200000,0x000000071f700000)
 ParOldGen       total 348160K, used 0K [0x00000005c2600000, 0x00000005d7a00000, 0x0000000716200000)
  object space 348160K, 0% used [0x00000005c2600000,0x00000005c2600000,0x00000005d7a00000)
 Metaspace       used 19834K, capacity 20400K, committed 20736K, reserved 1067008K
  class space    used 2569K, capacity 2700K, committed 2816K, reserved 1048576K
Event: 0.920 GC heap after
Heap after GC invocations=1 (full 0):
 PSYoungGen      total 152576K, used 14845K [0x0000000716200000, 0x0000000720c00000, 0x00000007c0000000)
  eden space 131072K, 0% used [0x0000000716200000,0x0000000716200000,0x000000071e200000)
  from space 21504K, 69% used [0x000000071e200000,0x000000071f07f540,0x000000071f700000)
  to   space 21504K, 0% used [0x000000071f700000,0x000000071f700000,0x0000000720c00000)
 ParOldGen       total 348160K, used 16K [0x00000005c2600000, 0x00000005d7a00000, 0x0000000716200000)
  object space 348160K, 0% used [0x00000005c2600000,0x00000005c2604000,0x00000005d7a00000)
 Metaspace       used 19834K, capacity 20400K, committed 20736K, reserved 1067008K
  class space    used 2569K, capacity 2700K, committed 2816K, reserved 1048576K
}
Event: 0.955 GC heap before
{Heap before GC invocations=2 (full 0):
 PSYoungGen      total 152576K, used 26641K [0x0000000716200000, 0x0000000720c00000, 0x00000007c0000000)
  eden space 131072K, 8% used [0x0000000716200000,0x0000000716d85060,0x000000071e200000)
  from space 21504K, 69% used [0x000000071e200000,0x000000071f07f540,0x000000071f700000)
  to   space 21504K, 0% used [0x000000071f700000,0x000000071f700000,0x0000000720c00000)
 ParOldGen       total 348160K, used 16K [0x00000005c2600000, 0x00000005d7a00000, 0x0000000716200000)
  object space 348160K, 0% used [0x00000005c2600000,0x00000005c2604000,0x00000005d7a00000)
 Metaspace       used 20648K, capacity 21204K, committed 21296K, reserved 1067008K
  class space    used 2673K, capacity 2836K, committed 2864K, reserved 1048576K
Event: 0.958 GC heap after
Heap after GC invocations=2 (full 0):
 PSYoungGen      total 152576K, used 5887K [0x0000000716200000, 0x0000000728c00000, 0x00000007c0000000)
  eden space 131072K, 0% used [0x0000000716200000,0x0000000716200000,0x000000071e200000)
  from space 21504K, 27% used [0x000000071f700000,0x000000071fcbffc8,0x0000000720c00000)
  to   space 21504K, 0% used [0x000000071e200000,0x000000071e200000,0x000000071f700000)
 ParOldGen       total 348160K, used 24K [0x00000005c2600000, 0x00000005d7a00000, 0x0000000716200000)
  object space 348160K, 0% used [0x00000005c2600000,0x00000005c2606000,0x00000005d7a00000)
 Metaspace       used 20648K, capacity 21204K, committed 21296K, reserved 1067008K
  class space    used 2673K, capacity 2836K, committed 2864K, reserved 1048576K
}
Event: 0.958 GC heap before
{Heap before GC invocations=3 (full 1):
 PSYoungGen      total 152576K, used 5887K [0x0000000716200000, 0x0000000728c00000, 0x00000007c0000000)
  eden space 131072K, 0% used [0x0000000716200000,0x0000000716200000,0x000000071e200000)
  from space 21504K, 27% used [0x000000071f700000,0x000000071fcbffc8,0x0000000720c00000)
  to   space 21504K, 0% used [0x000000071e200000,0x000000071e200000,0x000000071f700000)
 ParOldGen       total 348160K, used 24K [0x00000005c2600000, 0x00000005d7a00000, 0x0000000716200000)
  object space 348160K, 0% used [0x00000005c2600000,0x00000005c2606000,0x00000005d7a00000)
 Metaspace       used 20648K, capacity 21204K, committed 21296K, reserved 1067008K
  class space    used 2673K, capacity 2836K, committed 2864K, reserved 1048576K
Event: 0.976 GC heap after
Heap after GC invocations=3 (full 1):
 PSYoungGen      total 152576K, used 0K [0x0000000716200000, 0x0000000728c00000, 0x00000007c0000000)
  eden space 131072K, 0% used [0x0000000716200000,0x0000000716200000,0x000000071e200000)
  from space 21504K, 0% used [0x000000071f700000,0x000000071f700000,0x0000000720c00000)
  to   space 21504K, 0% used [0x000000071e200000,0x000000071e200000,0x000000071f700000)
 ParOldGen       total 173056K, used 5633K [0x00000005c2600000, 0x00000005ccf00000, 0x0000000716200000)
  object space 173056K, 3% used [0x00000005c2600000,0x00000005c2b80430,0x00000005ccf00000)
 Metaspace       used 20648K, capacity 21204K, committed 21296K, reserved 1067008K
  class space    used 2673K, capacity 2836K, committed 2864K, reserved 1048576K
}

